{"D:\\HomeWork\\3 курс\\node github\\src\\app.ts": {"path":"D:\\HomeWork\\3 курс\\node github\\src\\app.ts","statementMap":{"0":{"start":{"line":1,"column":0},"end":{"line":1,"column":30}},"1":{"start":{"line":2,"column":0},"end":{"line":2,"column":24}},"2":{"start":{"line":3,"column":0},"end":{"line":3,"column":43}},"3":{"start":{"line":4,"column":0},"end":{"line":4,"column":57}},"4":{"start":{"line":5,"column":0},"end":{"line":5,"column":41}},"5":{"start":{"line":6,"column":0},"end":{"line":6,"column":39}},"6":{"start":{"line":8,"column":12},"end":{"line":8,"column":21}},"7":{"start":{"line":10,"column":0},"end":{"line":15,"column":2}},"8":{"start":{"line":17,"column":0},"end":{"line":17,"column":24}},"9":{"start":{"line":18,"column":0},"end":{"line":18,"column":24}},"10":{"start":{"line":20,"column":0},"end":{"line":20,"column":33}},"11":{"start":{"line":21,"column":0},"end":{"line":21,"column":38}},"12":{"start":{"line":23,"column":0},"end":{"line":23,"column":22}},"13":{"start":{"line":25,"column":0},"end":{"line":25,"column":19}}},"fnMap":{},"branchMap":{},"s":{"0":2,"1":2,"2":2,"3":2,"4":2,"5":2,"6":2,"7":2,"8":2,"9":2,"10":2,"11":2,"12":2,"13":2},"f":{},"b":{}}
,"D:\\HomeWork\\3 курс\\node github\\src\\middleware\\errorHandler.ts": {"path":"D:\\HomeWork\\3 курс\\node github\\src\\middleware\\errorHandler.ts","statementMap":{"0":{"start":{"line":3,"column":0},"end":{"line":3,"column":32}},"1":{"start":{"line":5,"column":28},"end":{"line":45,"column":1}},"2":{"start":{"line":11,"column":4},"end":{"line":11,"column":43}},"3":{"start":{"line":13,"column":4},"end":{"line":18,"column":5}},"4":{"start":{"line":14,"column":8},"end":{"line":17,"column":11}},"5":{"start":{"line":20,"column":4},"end":{"line":26,"column":5}},"6":{"start":{"line":21,"column":23},"end":{"line":21,"column":68}},"7":{"start":{"line":21,"column":58},"end":{"line":21,"column":67}},"8":{"start":{"line":22,"column":8},"end":{"line":25,"column":11}},"9":{"start":{"line":28,"column":4},"end":{"line":33,"column":5}},"10":{"start":{"line":29,"column":8},"end":{"line":32,"column":11}},"11":{"start":{"line":35,"column":4},"end":{"line":39,"column":5}},"12":{"start":{"line":36,"column":8},"end":{"line":38,"column":11}},"13":{"start":{"line":41,"column":4},"end":{"line":44,"column":7}},"14":{"start":{"line":5,"column":13},"end":{"line":5,"column":28}}},"fnMap":{"0":{"name":"(anonymous_1)","decl":{"start":{"line":5,"column":28},"end":{"line":5,"column":null}},"loc":{"start":{"line":10,"column":4},"end":{"line":45,"column":1}}},"1":{"name":"(anonymous_2)","decl":{"start":{"line":21,"column":53},"end":{"line":21,"column":54}},"loc":{"start":{"line":21,"column":58},"end":{"line":21,"column":67}}}},"branchMap":{"0":{"loc":{"start":{"line":13,"column":4},"end":{"line":18,"column":5}},"type":"if","locations":[{"start":{"line":13,"column":4},"end":{"line":18,"column":5}},{"start":{},"end":{}}]},"1":{"loc":{"start":{"line":20,"column":4},"end":{"line":26,"column":5}},"type":"if","locations":[{"start":{"line":20,"column":4},"end":{"line":26,"column":5}},{"start":{},"end":{}}]},"2":{"loc":{"start":{"line":28,"column":4},"end":{"line":33,"column":5}},"type":"if","locations":[{"start":{"line":28,"column":4},"end":{"line":33,"column":5}},{"start":{},"end":{}}]},"3":{"loc":{"start":{"line":35,"column":4},"end":{"line":39,"column":5}},"type":"if","locations":[{"start":{"line":35,"column":4},"end":{"line":39,"column":5}},{"start":{},"end":{}}]},"4":{"loc":{"start":{"line":35,"column":8},"end":{"line":35,"column":61}},"type":"binary-expr","locations":[{"start":{"line":35,"column":8},"end":{"line":35,"column":39}},{"start":{"line":35,"column":43},"end":{"line":35,"column":61}}]},"5":{"loc":{"start":{"line":43,"column":15},"end":{"line":43,"column":79}},"type":"cond-expr","locations":[{"start":{"line":43,"column":56},"end":{"line":43,"column":67}},{"start":{"line":43,"column":70},"end":{"line":43,"column":79}}]}},"s":{"0":2,"1":2,"2":14,"3":14,"4":1,"5":13,"6":1,"7":1,"8":1,"9":12,"10":1,"11":11,"12":1,"13":10,"14":2},"f":{"0":14,"1":1},"b":{"0":[1,13],"1":[1,12],"2":[1,11],"3":[1,10],"4":[11,1],"5":[0,10]}}
,"D:\\HomeWork\\3 курс\\node github\\src\\middleware\\requireAuth.ts": {"path":"D:\\HomeWork\\3 курс\\node github\\src\\middleware\\requireAuth.ts","statementMap":{"0":{"start":{"line":2,"column":0},"end":{"line":2,"column":31}},"1":{"start":{"line":12,"column":27},"end":{"line":27,"column":1}},"2":{"start":{"line":13,"column":18},"end":{"line":13,"column":43}},"3":{"start":{"line":15,"column":4},"end":{"line":18,"column":5}},"4":{"start":{"line":16,"column":8},"end":{"line":16,"column":58}},"5":{"start":{"line":17,"column":8},"end":{"line":17,"column":15}},"6":{"start":{"line":20,"column":4},"end":{"line":26,"column":5}},"7":{"start":{"line":21,"column":24},"end":{"line":21,"column":97}},"8":{"start":{"line":22,"column":8},"end":{"line":22,"column":36}},"9":{"start":{"line":23,"column":8},"end":{"line":23,"column":15}},"10":{"start":{"line":25,"column":8},"end":{"line":25,"column":58}},"11":{"start":{"line":12,"column":13},"end":{"line":12,"column":27}}},"fnMap":{"0":{"name":"(anonymous_1)","decl":{"start":{"line":12,"column":27},"end":{"line":12,"column":28}},"loc":{"start":{"line":12,"column":85},"end":{"line":27,"column":1}}}},"branchMap":{"0":{"loc":{"start":{"line":15,"column":4},"end":{"line":18,"column":5}},"type":"if","locations":[{"start":{"line":15,"column":4},"end":{"line":18,"column":5}},{"start":{},"end":{}}]}},"s":{"0":2,"1":2,"2":12,"3":12,"4":1,"5":1,"6":11,"7":11,"8":11,"9":11,"10":0,"11":2},"f":{"0":12},"b":{"0":[1,11]}}
,"D:\\HomeWork\\3 курс\\node github\\src\\middleware\\validate.ts": {"path":"D:\\HomeWork\\3 курс\\node github\\src\\middleware\\validate.ts","statementMap":{"0":{"start":{"line":5,"column":4},"end":{"line":13,"column":9}},"1":{"start":{"line":6,"column":8},"end":{"line":13,"column":9}},"2":{"start":{"line":7,"column":12},"end":{"line":12,"column":13}},"3":{"start":{"line":8,"column":16},"end":{"line":8,"column":61}},"4":{"start":{"line":9,"column":16},"end":{"line":9,"column":23}},"5":{"start":{"line":11,"column":16},"end":{"line":11,"column":28}},"6":{"start":{"line":4,"column":13},"end":{"line":4,"column":null}}},"fnMap":{"0":{"name":"(anonymous_0)","decl":{"start":{"line":5,"column":4},"end":{"line":5,"column":5}},"loc":{"start":{"line":6,"column":8},"end":{"line":13,"column":9}}},"1":{"name":"(anonymous_1)","decl":{"start":{"line":6,"column":8},"end":{"line":6,"column":13}},"loc":{"start":{"line":6,"column":66},"end":{"line":13,"column":9}}}},"branchMap":{},"s":{"0":2,"1":4,"2":7,"3":7,"4":6,"5":1,"6":2},"f":{"0":4,"1":7},"b":{}}
,"D:\\HomeWork\\3 курс\\node github\\src\\models\\recipe.model.ts": {"path":"D:\\HomeWork\\3 курс\\node github\\src\\models\\recipe.model.ts","statementMap":{"0":{"start":{"line":1,"column":0},"end":{"line":1,"column":54}},"1":{"start":{"line":2,"column":0},"end":{"line":2,"column":36}},"2":{"start":{"line":21,"column":21},"end":{"line":96,"column":null}},"3":{"start":{"line":25,"column":27},"end":{"line":25,"column":35}},"4":{"start":{"line":66,"column":24},"end":{"line":66,"column":46}},"5":{"start":{"line":73,"column":24},"end":{"line":73,"column":91}},"6":{"start":{"line":73,"column":51},"end":{"line":73,"column":89}},"7":{"start":{"line":90,"column":16},"end":{"line":90,"column":31}},"8":{"start":{"line":91,"column":16},"end":{"line":91,"column":31}},"9":{"start":{"line":92,"column":16},"end":{"line":92,"column":27}},"10":{"start":{"line":100,"column":0},"end":{"line":102,"column":3}},"11":{"start":{"line":101,"column":4},"end":{"line":101,"column":41}},"12":{"start":{"line":105,"column":0},"end":{"line":113,"column":3}},"13":{"start":{"line":106,"column":18},"end":{"line":106,"column":58}},"14":{"start":{"line":107,"column":20},"end":{"line":107,"column":48}},"15":{"start":{"line":109,"column":4},"end":{"line":111,"column":5}},"16":{"start":{"line":110,"column":8},"end":{"line":110,"column":75}},"17":{"start":{"line":112,"column":4},"end":{"line":112,"column":27}},"18":{"start":{"line":115,"column":13},"end":{"line":115,"column":78}}},"fnMap":{"0":{"name":"(anonymous_9)","decl":{"start":{"line":25,"column":21},"end":{"line":25,"column":24}},"loc":{"start":{"line":25,"column":27},"end":{"line":25,"column":35}}},"1":{"name":"(anonymous_10)","decl":{"start":{"line":65,"column":31},"end":{"line":65,"column":41}},"loc":{"start":{"line":65,"column":54},"end":{"line":67,"column":21}}},"2":{"name":"(anonymous_11)","decl":{"start":{"line":72,"column":31},"end":{"line":72,"column":41}},"loc":{"start":{"line":72,"column":54},"end":{"line":74,"column":21}}},"3":{"name":"(anonymous_12)","decl":{"start":{"line":73,"column":41},"end":{"line":73,"column":42}},"loc":{"start":{"line":73,"column":51},"end":{"line":73,"column":89}}},"4":{"name":"(anonymous_13)","decl":{"start":{"line":89,"column":23},"end":{"line":89,"column":33}},"loc":{"start":{"line":89,"column":44},"end":{"line":93,"column":13}}},"5":{"name":"(anonymous_14)","decl":{"start":{"line":100,"column":42},"end":{"line":100,"column":null}},"loc":{"start":{"line":100,"column":42},"end":{"line":102,"column":1}}},"6":{"name":"(anonymous_15)","decl":{"start":{"line":105,"column":49},"end":{"line":105,"column":null}},"loc":{"start":{"line":105,"column":49},"end":{"line":113,"column":1}}}},"branchMap":{"0":{"loc":{"start":{"line":73,"column":51},"end":{"line":73,"column":89}},"type":"binary-expr","locations":[{"start":{"line":73,"column":51},"end":{"line":73,"column":67}},{"start":{"line":73,"column":71},"end":{"line":73,"column":89}}]},"1":{"loc":{"start":{"line":109,"column":4},"end":{"line":111,"column":5}},"type":"if","locations":[{"start":{"line":109,"column":4},"end":{"line":111,"column":5}},{"start":{},"end":{}}]},"2":{"loc":{"start":{"line":110,"column":31},"end":{"line":110,"column":65}},"type":"cond-expr","locations":[{"start":{"line":110,"column":45},"end":{"line":110,"column":60}},{"start":{"line":110,"column":63},"end":{"line":110,"column":65}}]}},"s":{"0":2,"1":2,"2":2,"3":23,"4":20,"5":19,"6":21,"7":8,"8":8,"9":8,"10":2,"11":9,"12":2,"13":11,"14":11,"15":11,"16":4,"17":7,"18":2},"f":{"0":23,"1":20,"2":19,"3":21,"4":8,"5":9,"6":11},"b":{"0":[21,21],"1":[4,7],"2":[1,3]}}
,"D:\\HomeWork\\3 курс\\node github\\src\\models\\user.model.ts": {"path":"D:\\HomeWork\\3 курс\\node github\\src\\models\\user.model.ts","statementMap":{"0":{"start":{"line":1,"column":0},"end":{"line":1,"column":54}},"1":{"start":{"line":2,"column":0},"end":{"line":2,"column":30}},"2":{"start":{"line":11,"column":19},"end":{"line":25,"column":null}},"3":{"start":{"line":28,"column":0},"end":{"line":35,"column":3}},"4":{"start":{"line":29,"column":4},"end":{"line":31,"column":5}},"5":{"start":{"line":30,"column":8},"end":{"line":30,"column":15}},"6":{"start":{"line":33,"column":17},"end":{"line":33,"column":41}},"7":{"start":{"line":34,"column":4},"end":{"line":34,"column":59}},"8":{"start":{"line":37,"column":13},"end":{"line":37,"column":62}}},"fnMap":{"0":{"name":"(anonymous_10)","decl":{"start":{"line":28,"column":23},"end":{"line":28,"column":28}},"loc":{"start":{"line":28,"column":28},"end":{"line":35,"column":1}}}},"branchMap":{"0":{"loc":{"start":{"line":29,"column":4},"end":{"line":31,"column":5}},"type":"if","locations":[{"start":{"line":29,"column":4},"end":{"line":31,"column":5}},{"start":{},"end":{}}]}},"s":{"0":2,"1":2,"2":2,"3":2,"4":73,"5":0,"6":73,"7":73,"8":2},"f":{"0":73},"b":{"0":[0,73]}}
,"D:\\HomeWork\\3 курс\\node github\\src\\routes\\auth.ts": {"path":"D:\\HomeWork\\3 курс\\node github\\src\\routes\\auth.ts","statementMap":{"0":{"start":{"line":1,"column":0},"end":{"line":1,"column":66}},"1":{"start":{"line":2,"column":0},"end":{"line":2,"column":44}},"2":{"start":{"line":3,"column":0},"end":{"line":3,"column":30}},"3":{"start":{"line":4,"column":0},"end":{"line":4,"column":31}},"4":{"start":{"line":5,"column":0},"end":{"line":5,"column":24}},"5":{"start":{"line":7,"column":15},"end":{"line":7,"column":23}},"6":{"start":{"line":9,"column":19},"end":{"line":12,"column":2}},"7":{"start":{"line":14,"column":0},"end":{"line":34,"column":3}},"8":{"start":{"line":15,"column":4},"end":{"line":33,"column":5}},"9":{"start":{"line":16,"column":36},"end":{"line":16,"column":62}},"10":{"start":{"line":18,"column":29},"end":{"line":18,"column":58}},"11":{"start":{"line":19,"column":8},"end":{"line":22,"column":9}},"12":{"start":{"line":20,"column":12},"end":{"line":20,"column":84}},"13":{"start":{"line":21,"column":12},"end":{"line":21,"column":19}},"14":{"start":{"line":24,"column":24},"end":{"line":24,"column":62}},"15":{"start":{"line":26,"column":8},"end":{"line":30,"column":11}},"16":{"start":{"line":32,"column":8},"end":{"line":32,"column":20}},"17":{"start":{"line":36,"column":0},"end":{"line":64,"column":3}},"18":{"start":{"line":37,"column":4},"end":{"line":63,"column":5}},"19":{"start":{"line":38,"column":36},"end":{"line":38,"column":44}},"20":{"start":{"line":39,"column":21},"end":{"line":39,"column":50}},"21":{"start":{"line":41,"column":8},"end":{"line":44,"column":9}},"22":{"start":{"line":42,"column":12},"end":{"line":42,"column":79}},"23":{"start":{"line":43,"column":12},"end":{"line":43,"column":19}},"24":{"start":{"line":46,"column":28},"end":{"line":46,"column":114}},"25":{"start":{"line":47,"column":29},"end":{"line":49,"column":10}},"26":{"start":{"line":51,"column":30},"end":{"line":55,"column":10}},"27":{"start":{"line":57,"column":8},"end":{"line":57,"column":94}},"28":{"start":{"line":58,"column":8},"end":{"line":58,"column":106}},"29":{"start":{"line":60,"column":8},"end":{"line":60,"column":59}},"30":{"start":{"line":62,"column":8},"end":{"line":62,"column":20}},"31":{"start":{"line":66,"column":0},"end":{"line":96,"column":3}},"32":{"start":{"line":67,"column":18},"end":{"line":67,"column":44}},"33":{"start":{"line":68,"column":4},"end":{"line":71,"column":5}},"34":{"start":{"line":69,"column":8},"end":{"line":69,"column":58}},"35":{"start":{"line":70,"column":8},"end":{"line":70,"column":15}},"36":{"start":{"line":73,"column":4},"end":{"line":95,"column":5}},"37":{"start":{"line":74,"column":24},"end":{"line":74,"column":105}},"38":{"start":{"line":76,"column":28},"end":{"line":78,"column":10}},"39":{"start":{"line":79,"column":29},"end":{"line":81,"column":10}},"40":{"start":{"line":83,"column":30},"end":{"line":87,"column":10}},"41":{"start":{"line":89,"column":8},"end":{"line":89,"column":94}},"42":{"start":{"line":90,"column":8},"end":{"line":90,"column":106}},"43":{"start":{"line":92,"column":8},"end":{"line":92,"column":61}},"44":{"start":{"line":94,"column":8},"end":{"line":94,"column":58}},"45":{"start":{"line":98,"column":0},"end":{"line":102,"column":3}},"46":{"start":{"line":99,"column":4},"end":{"line":99,"column":36}},"47":{"start":{"line":100,"column":4},"end":{"line":100,"column":37}},"48":{"start":{"line":101,"column":4},"end":{"line":101,"column":56}},"49":{"start":{"line":104,"column":0},"end":{"line":104,"column":22}}},"fnMap":{"0":{"name":"(anonymous_1)","decl":{"start":{"line":14,"column":25},"end":{"line":14,"column":30}},"loc":{"start":{"line":14,"column":98},"end":{"line":34,"column":1}}},"1":{"name":"(anonymous_2)","decl":{"start":{"line":36,"column":22},"end":{"line":36,"column":27}},"loc":{"start":{"line":36,"column":95},"end":{"line":64,"column":1}}},"2":{"name":"(anonymous_3)","decl":{"start":{"line":66,"column":24},"end":{"line":66,"column":29}},"loc":{"start":{"line":66,"column":97},"end":{"line":96,"column":1}}},"3":{"name":"(anonymous_4)","decl":{"start":{"line":98,"column":23},"end":{"line":98,"column":24}},"loc":{"start":{"line":98,"column":55},"end":{"line":102,"column":1}}}},"branchMap":{"0":{"loc":{"start":{"line":19,"column":8},"end":{"line":22,"column":9}},"type":"if","locations":[{"start":{"line":19,"column":8},"end":{"line":22,"column":9}},{"start":{},"end":{}}]},"1":{"loc":{"start":{"line":41,"column":8},"end":{"line":44,"column":9}},"type":"if","locations":[{"start":{"line":41,"column":8},"end":{"line":44,"column":9}},{"start":{},"end":{}}]},"2":{"loc":{"start":{"line":41,"column":12},"end":{"line":41,"column":69}},"type":"binary-expr","locations":[{"start":{"line":41,"column":12},"end":{"line":41,"column":17}},{"start":{"line":41,"column":21},"end":{"line":41,"column":69}}]},"3":{"loc":{"start":{"line":68,"column":4},"end":{"line":71,"column":5}},"type":"if","locations":[{"start":{"line":68,"column":4},"end":{"line":71,"column":5}},{"start":{},"end":{}}]}},"s":{"0":2,"1":2,"2":2,"3":2,"4":2,"5":2,"6":2,"7":2,"8":7,"9":7,"10":7,"11":6,"12":1,"13":1,"14":5,"15":5,"16":1,"17":2,"18":4,"19":4,"20":4,"21":3,"22":2,"23":2,"24":1,"25":1,"26":1,"27":1,"28":1,"29":1,"30":1,"31":2,"32":3,"33":3,"34":1,"35":1,"36":2,"37":2,"38":1,"39":1,"40":1,"41":1,"42":1,"43":1,"44":1,"45":2,"46":1,"47":1,"48":1,"49":2},"f":{"0":7,"1":4,"2":3,"3":1},"b":{"0":[1,5],"1":[2,1],"2":[3,2],"3":[1,2]}}
,"D:\\HomeWork\\3 курс\\node github\\src\\routes\\recipe.ts": {"path":"D:\\HomeWork\\3 курс\\node github\\src\\routes\\recipe.ts","statementMap":{"0":{"start":{"line":1,"column":0},"end":{"line":1,"column":66}},"1":{"start":{"line":2,"column":0},"end":{"line":2,"column":50}},"2":{"start":{"line":3,"column":0},"end":{"line":3,"column":82}},"3":{"start":{"line":4,"column":0},"end":{"line":4,"column":null}},"4":{"start":{"line":14,"column":0},"end":{"line":14,"column":56}},"5":{"start":{"line":16,"column":15},"end":{"line":16,"column":23}},"6":{"start":{"line":19,"column":0},"end":{"line":29,"column":3}},"7":{"start":{"line":20,"column":4},"end":{"line":28,"column":5}},"8":{"start":{"line":21,"column":23},"end":{"line":21,"column":46}},"9":{"start":{"line":22,"column":8},"end":{"line":24,"column":9}},"10":{"start":{"line":23,"column":12},"end":{"line":23,"column":76}},"11":{"start":{"line":25,"column":8},"end":{"line":25,"column":37}},"12":{"start":{"line":27,"column":8},"end":{"line":27,"column":20}},"13":{"start":{"line":31,"column":0},"end":{"line":48,"column":3}},"14":{"start":{"line":32,"column":4},"end":{"line":47,"column":5}},"15":{"start":{"line":33,"column":39},"end":{"line":33,"column":41}},"16":{"start":{"line":35,"column":8},"end":{"line":35,"column":71}},"17":{"start":{"line":35,"column":29},"end":{"line":35,"column":71}},"18":{"start":{"line":36,"column":8},"end":{"line":36,"column":86}},"19":{"start":{"line":36,"column":34},"end":{"line":36,"column":86}},"20":{"start":{"line":37,"column":8},"end":{"line":37,"column":91}},"21":{"start":{"line":37,"column":31},"end":{"line":37,"column":91}},"22":{"start":{"line":39,"column":22},"end":{"line":39,"column":63}},"23":{"start":{"line":40,"column":21},"end":{"line":40,"column":64}},"24":{"start":{"line":41,"column":22},"end":{"line":41,"column":67}},"25":{"start":{"line":43,"column":23},"end":{"line":43,"column":70}},"26":{"start":{"line":44,"column":8},"end":{"line":44,"column":37}},"27":{"start":{"line":46,"column":8},"end":{"line":46,"column":20}},"28":{"start":{"line":50,"column":0},"end":{"line":60,"column":3}},"29":{"start":{"line":51,"column":4},"end":{"line":59,"column":5}},"30":{"start":{"line":52,"column":23},"end":{"line":52,"column":67}},"31":{"start":{"line":53,"column":8},"end":{"line":55,"column":9}},"32":{"start":{"line":54,"column":12},"end":{"line":54,"column":75}},"33":{"start":{"line":56,"column":8},"end":{"line":56,"column":37}},"34":{"start":{"line":58,"column":8},"end":{"line":58,"column":20}},"35":{"start":{"line":62,"column":0},"end":{"line":70,"column":3}},"36":{"start":{"line":63,"column":4},"end":{"line":69,"column":5}},"37":{"start":{"line":64,"column":27},"end":{"line":64,"column":63}},"38":{"start":{"line":65,"column":26},"end":{"line":65,"column":56}},"39":{"start":{"line":66,"column":8},"end":{"line":66,"column":40}},"40":{"start":{"line":68,"column":8},"end":{"line":68,"column":20}},"41":{"start":{"line":72,"column":0},"end":{"line":95,"column":2}},"42":{"start":{"line":77,"column":8},"end":{"line":93,"column":9}},"43":{"start":{"line":78,"column":27},"end":{"line":78,"column":71}},"44":{"start":{"line":79,"column":12},"end":{"line":82,"column":13}},"45":{"start":{"line":80,"column":16},"end":{"line":80,"column":72}},"46":{"start":{"line":81,"column":16},"end":{"line":81,"column":23}},"47":{"start":{"line":84,"column":12},"end":{"line":87,"column":13}},"48":{"start":{"line":85,"column":16},"end":{"line":85,"column":63}},"49":{"start":{"line":86,"column":16},"end":{"line":86,"column":23}},"50":{"start":{"line":89,"column":34},"end":{"line":89,"column":87}},"51":{"start":{"line":90,"column":12},"end":{"line":90,"column":48}},"52":{"start":{"line":92,"column":12},"end":{"line":92,"column":24}},"53":{"start":{"line":97,"column":0},"end":{"line":115,"column":3}},"54":{"start":{"line":98,"column":4},"end":{"line":114,"column":5}},"55":{"start":{"line":99,"column":23},"end":{"line":99,"column":67}},"56":{"start":{"line":100,"column":8},"end":{"line":103,"column":9}},"57":{"start":{"line":101,"column":12},"end":{"line":101,"column":68}},"58":{"start":{"line":102,"column":12},"end":{"line":102,"column":19}},"59":{"start":{"line":105,"column":8},"end":{"line":108,"column":9}},"60":{"start":{"line":106,"column":12},"end":{"line":106,"column":59}},"61":{"start":{"line":107,"column":12},"end":{"line":107,"column":19}},"62":{"start":{"line":110,"column":8},"end":{"line":110,"column":52}},"63":{"start":{"line":111,"column":8},"end":{"line":111,"column":31}},"64":{"start":{"line":113,"column":8},"end":{"line":113,"column":20}},"65":{"start":{"line":117,"column":0},"end":{"line":124,"column":3}},"66":{"start":{"line":118,"column":4},"end":{"line":123,"column":5}},"67":{"start":{"line":119,"column":24},"end":{"line":119,"column":85}},"68":{"start":{"line":120,"column":8},"end":{"line":120,"column":38}},"69":{"start":{"line":122,"column":8},"end":{"line":122,"column":20}},"70":{"start":{"line":126,"column":0},"end":{"line":126,"column":22}}},"fnMap":{"0":{"name":"(anonymous_0)","decl":{"start":{"line":19,"column":22},"end":{"line":19,"column":27}},"loc":{"start":{"line":19,"column":80},"end":{"line":29,"column":1}}},"1":{"name":"(anonymous_1)","decl":{"start":{"line":31,"column":16},"end":{"line":31,"column":21}},"loc":{"start":{"line":31,"column":74},"end":{"line":48,"column":1}}},"2":{"name":"(anonymous_2)","decl":{"start":{"line":50,"column":19},"end":{"line":50,"column":24}},"loc":{"start":{"line":50,"column":77},"end":{"line":60,"column":1}}},"3":{"name":"(anonymous_3)","decl":{"start":{"line":62,"column":60},"end":{"line":62,"column":65}},"loc":{"start":{"line":62,"column":118},"end":{"line":70,"column":1}}},"4":{"name":"(anonymous_4)","decl":{"start":{"line":76,"column":4},"end":{"line":76,"column":9}},"loc":{"start":{"line":76,"column":77},"end":{"line":94,"column":5}}},"5":{"name":"(anonymous_5)","decl":{"start":{"line":97,"column":35},"end":{"line":97,"column":40}},"loc":{"start":{"line":97,"column":108},"end":{"line":115,"column":1}}},"6":{"name":"(anonymous_6)","decl":{"start":{"line":117,"column":38},"end":{"line":117,"column":43}},"loc":{"start":{"line":117,"column":96},"end":{"line":124,"column":1}}}},"branchMap":{"0":{"loc":{"start":{"line":22,"column":8},"end":{"line":24,"column":9}},"type":"if","locations":[{"start":{"line":22,"column":8},"end":{"line":24,"column":9}},{"start":{},"end":{}}]},"1":{"loc":{"start":{"line":35,"column":8},"end":{"line":35,"column":71}},"type":"if","locations":[{"start":{"line":35,"column":8},"end":{"line":35,"column":71}},{"start":{},"end":{}}]},"2":{"loc":{"start":{"line":36,"column":8},"end":{"line":36,"column":86}},"type":"if","locations":[{"start":{"line":36,"column":8},"end":{"line":36,"column":86}},{"start":{},"end":{}}]},"3":{"loc":{"start":{"line":37,"column":8},"end":{"line":37,"column":91}},"type":"if","locations":[{"start":{"line":37,"column":8},"end":{"line":37,"column":91}},{"start":{},"end":{}}]},"4":{"loc":{"start":{"line":39,"column":22},"end":{"line":39,"column":63}},"type":"binary-expr","locations":[{"start":{"line":39,"column":22},"end":{"line":39,"column":47}},{"start":{"line":39,"column":51},"end":{"line":39,"column":63}}]},"5":{"loc":{"start":{"line":40,"column":21},"end":{"line":40,"column":64}},"type":"binary-expr","locations":[{"start":{"line":40,"column":21},"end":{"line":40,"column":59}},{"start":{"line":40,"column":63},"end":{"line":40,"column":64}}]},"6":{"loc":{"start":{"line":41,"column":22},"end":{"line":41,"column":67}},"type":"binary-expr","locations":[{"start":{"line":41,"column":22},"end":{"line":41,"column":61}},{"start":{"line":41,"column":65},"end":{"line":41,"column":67}}]},"7":{"loc":{"start":{"line":53,"column":8},"end":{"line":55,"column":9}},"type":"if","locations":[{"start":{"line":53,"column":8},"end":{"line":55,"column":9}},{"start":{},"end":{}}]},"8":{"loc":{"start":{"line":79,"column":12},"end":{"line":82,"column":13}},"type":"if","locations":[{"start":{"line":79,"column":12},"end":{"line":82,"column":13}},{"start":{},"end":{}}]},"9":{"loc":{"start":{"line":84,"column":12},"end":{"line":87,"column":13}},"type":"if","locations":[{"start":{"line":84,"column":12},"end":{"line":87,"column":13}},{"start":{},"end":{}}]},"10":{"loc":{"start":{"line":100,"column":8},"end":{"line":103,"column":9}},"type":"if","locations":[{"start":{"line":100,"column":8},"end":{"line":103,"column":9}},{"start":{},"end":{}}]},"11":{"loc":{"start":{"line":105,"column":8},"end":{"line":108,"column":9}},"type":"if","locations":[{"start":{"line":105,"column":8},"end":{"line":108,"column":9}},{"start":{},"end":{}}]}},"s":{"0":2,"1":2,"2":2,"3":2,"4":2,"5":2,"6":2,"7":3,"8":3,"9":2,"10":1,"11":1,"12":1,"13":2,"14":4,"15":4,"16":4,"17":1,"18":4,"19":1,"20":4,"21":1,"22":4,"23":4,"24":4,"25":4,"26":3,"27":1,"28":2,"29":3,"30":3,"31":2,"32":1,"33":1,"34":1,"35":2,"36":2,"37":2,"38":2,"39":1,"40":1,"41":2,"42":4,"43":4,"44":3,"45":1,"46":1,"47":2,"48":1,"49":1,"50":1,"51":1,"52":1,"53":2,"54":4,"55":4,"56":3,"57":1,"58":1,"59":2,"60":1,"61":1,"62":1,"63":1,"64":1,"65":2,"66":2,"67":2,"68":1,"69":1,"70":2},"f":{"0":3,"1":4,"2":3,"3":2,"4":4,"5":4,"6":2},"b":{"0":[1,1],"1":[1,3],"2":[1,3],"3":[1,3],"4":[4,4],"5":[4,4],"6":[4,4],"7":[1,1],"8":[1,2],"9":[1,1],"10":[1,2],"11":[1,1]}}
,"D:\\HomeWork\\3 курс\\node github\\src\\schemas\\recipe.schema.ts": {"path":"D:\\HomeWork\\3 курс\\node github\\src\\schemas\\recipe.schema.ts","statementMap":{"0":{"start":{"line":1,"column":0},"end":{"line":1,"column":24}},"1":{"start":{"line":3,"column":13},"end":{"line":34,"column":3}},"2":{"start":{"line":36,"column":13},"end":{"line":36,"column":63}}},"fnMap":{},"branchMap":{},"s":{"0":2,"1":2,"2":2},"f":{},"b":{}}
,"D:\\HomeWork\\3 курс\\node github\\src\\storage\\recipe.ts": {"path":"D:\\HomeWork\\3 курс\\node github\\src\\storage\\recipe.ts","statementMap":{"0":{"start":{"line":1,"column":0},"end":{"line":1,"column":65}},"1":{"start":{"line":14,"column":29},"end":{"line":57,"column":1}},"2":{"start":{"line":20,"column":23},"end":{"line":20,"column":25}},"3":{"start":{"line":22,"column":4},"end":{"line":24,"column":5}},"4":{"start":{"line":23,"column":8},"end":{"line":23,"column":63}},"5":{"start":{"line":26,"column":4},"end":{"line":28,"column":5}},"6":{"start":{"line":27,"column":8},"end":{"line":27,"column":46}},"7":{"start":{"line":30,"column":4},"end":{"line":32,"column":5}},"8":{"start":{"line":31,"column":8},"end":{"line":31,"column":61}},"9":{"start":{"line":34,"column":22},"end":{"line":34,"column":52}},"10":{"start":{"line":36,"column":17},"end":{"line":36,"column":35}},"11":{"start":{"line":38,"column":26},"end":{"line":44,"column":6}},"12":{"start":{"line":46,"column":23},"end":{"line":46,"column":47}},"13":{"start":{"line":48,"column":4},"end":{"line":56,"column":6}},"14":{"start":{"line":14,"column":13},"end":{"line":14,"column":29}},"15":{"start":{"line":59,"column":29},"end":{"line":61,"column":1}},"16":{"start":{"line":60,"column":4},"end":{"line":60,"column":40}},"17":{"start":{"line":59,"column":13},"end":{"line":59,"column":29}},"18":{"start":{"line":63,"column":28},"end":{"line":66,"column":1}},"19":{"start":{"line":64,"column":22},"end":{"line":64,"column":38}},"20":{"start":{"line":65,"column":4},"end":{"line":65,"column":34}},"21":{"start":{"line":63,"column":13},"end":{"line":63,"column":28}},"22":{"start":{"line":68,"column":28},"end":{"line":70,"column":1}},"23":{"start":{"line":69,"column":4},"end":{"line":69,"column":91}},"24":{"start":{"line":68,"column":13},"end":{"line":68,"column":28}},"25":{"start":{"line":72,"column":28},"end":{"line":75,"column":1}},"26":{"start":{"line":73,"column":26},"end":{"line":73,"column":63}},"27":{"start":{"line":74,"column":4},"end":{"line":74,"column":34}},"28":{"start":{"line":72,"column":13},"end":{"line":72,"column":28}},"29":{"start":{"line":77,"column":38},"end":{"line":81,"column":1}},"30":{"start":{"line":78,"column":4},"end":{"line":80,"column":7}},"31":{"start":{"line":77,"column":13},"end":{"line":77,"column":38}},"32":{"start":{"line":83,"column":31},"end":{"line":86,"column":1}},"33":{"start":{"line":84,"column":26},"end":{"line":84,"column":76}},"34":{"start":{"line":85,"column":4},"end":{"line":85,"column":62}},"35":{"start":{"line":83,"column":13},"end":{"line":83,"column":31}}},"fnMap":{"0":{"name":"(anonymous_0)","decl":{"start":{"line":14,"column":29},"end":{"line":14,"column":34}},"loc":{"start":{"line":19,"column":4},"end":{"line":57,"column":1}}},"1":{"name":"(anonymous_1)","decl":{"start":{"line":59,"column":29},"end":{"line":59,"column":34}},"loc":{"start":{"line":59,"column":83},"end":{"line":61,"column":1}}},"2":{"name":"(anonymous_2)","decl":{"start":{"line":63,"column":28},"end":{"line":63,"column":33}},"loc":{"start":{"line":63,"column":86},"end":{"line":66,"column":1}}},"3":{"name":"(anonymous_3)","decl":{"start":{"line":68,"column":28},"end":{"line":68,"column":33}},"loc":{"start":{"line":68,"column":105},"end":{"line":70,"column":1}}},"4":{"name":"(anonymous_4)","decl":{"start":{"line":72,"column":28},"end":{"line":72,"column":33}},"loc":{"start":{"line":72,"column":67},"end":{"line":75,"column":1}}},"5":{"name":"(anonymous_5)","decl":{"start":{"line":77,"column":38},"end":{"line":77,"column":43}},"loc":{"start":{"line":77,"column":95},"end":{"line":81,"column":1}}},"6":{"name":"(anonymous_6)","decl":{"start":{"line":83,"column":31},"end":{"line":83,"column":36}},"loc":{"start":{"line":83,"column":75},"end":{"line":86,"column":1}}}},"branchMap":{"0":{"loc":{"start":{"line":16,"column":4},"end":{"line":16,"column":36}},"type":"default-arg","locations":[{"start":{"line":16,"column":24},"end":{"line":16,"column":36}}]},"1":{"loc":{"start":{"line":17,"column":4},"end":{"line":17,"column":20}},"type":"default-arg","locations":[{"start":{"line":17,"column":19},"end":{"line":17,"column":20}}]},"2":{"loc":{"start":{"line":18,"column":4},"end":{"line":18,"column":22}},"type":"default-arg","locations":[{"start":{"line":18,"column":20},"end":{"line":18,"column":22}}]},"3":{"loc":{"start":{"line":22,"column":4},"end":{"line":24,"column":5}},"type":"if","locations":[{"start":{"line":22,"column":4},"end":{"line":24,"column":5}},{"start":{},"end":{}}]},"4":{"loc":{"start":{"line":26,"column":4},"end":{"line":28,"column":5}},"type":"if","locations":[{"start":{"line":26,"column":4},"end":{"line":28,"column":5}},{"start":{},"end":{}}]},"5":{"loc":{"start":{"line":30,"column":4},"end":{"line":32,"column":5}},"type":"if","locations":[{"start":{"line":30,"column":4},"end":{"line":32,"column":5}},{"start":{},"end":{}}]},"6":{"loc":{"start":{"line":85,"column":11},"end":{"line":85,"column":61}},"type":"cond-expr","locations":[{"start":{"line":85,"column":38},"end":{"line":85,"column":54}},{"start":{"line":85,"column":57},"end":{"line":85,"column":61}}]}},"s":{"0":2,"1":2,"2":4,"3":4,"4":1,"5":4,"6":1,"7":4,"8":1,"9":4,"10":4,"11":4,"12":3,"13":3,"14":2,"15":2,"16":11,"17":2,"18":2,"19":2,"20":2,"21":2,"22":2,"23":1,"24":2,"25":2,"26":1,"27":1,"28":2,"29":2,"30":2,"31":2,"32":2,"33":3,"34":2,"35":2},"f":{"0":4,"1":11,"2":2,"3":1,"4":1,"5":2,"6":3},"b":{"0":[0],"1":[0],"2":[0],"3":[1,3],"4":[1,3],"5":[1,3],"6":[1,1]}}
,"D:\\HomeWork\\3 курс\\node github\\tests\\setup.ts": {"path":"D:\\HomeWork\\3 курс\\node github\\tests\\setup.ts","statementMap":{"0":{"start":{"line":1,"column":0},"end":{"line":1,"column":32}},"1":{"start":{"line":2,"column":0},"end":{"line":2,"column":58}},"2":{"start":{"line":6,"column":35},"end":{"line":14,"column":1}},"3":{"start":{"line":7,"column":4},"end":{"line":9,"column":5}},"4":{"start":{"line":8,"column":8},"end":{"line":8,"column":36}},"5":{"start":{"line":11,"column":4},"end":{"line":11,"column":51}},"6":{"start":{"line":12,"column":16},"end":{"line":12,"column":36}},"7":{"start":{"line":13,"column":4},"end":{"line":13,"column":32}},"8":{"start":{"line":6,"column":13},"end":{"line":6,"column":35}},"9":{"start":{"line":16,"column":38},"end":{"line":24,"column":1}},"10":{"start":{"line":17,"column":4},"end":{"line":20,"column":5}},"11":{"start":{"line":18,"column":8},"end":{"line":18,"column":49}},"12":{"start":{"line":19,"column":8},"end":{"line":19,"column":42}},"13":{"start":{"line":21,"column":4},"end":{"line":23,"column":5}},"14":{"start":{"line":22,"column":8},"end":{"line":22,"column":33}},"15":{"start":{"line":16,"column":13},"end":{"line":16,"column":38}},"16":{"start":{"line":26,"column":33},"end":{"line":32,"column":1}},"17":{"start":{"line":27,"column":24},"end":{"line":27,"column":55}},"18":{"start":{"line":28,"column":4},"end":{"line":31,"column":5}},"19":{"start":{"line":29,"column":27},"end":{"line":29,"column":43}},"20":{"start":{"line":30,"column":8},"end":{"line":30,"column":40}},"21":{"start":{"line":26,"column":13},"end":{"line":26,"column":33}}},"fnMap":{"0":{"name":"(anonymous_1)","decl":{"start":{"line":6,"column":35},"end":{"line":6,"column":40}},"loc":{"start":{"line":6,"column":46},"end":{"line":14,"column":1}}},"1":{"name":"(anonymous_2)","decl":{"start":{"line":16,"column":38},"end":{"line":16,"column":43}},"loc":{"start":{"line":16,"column":49},"end":{"line":24,"column":1}}},"2":{"name":"(anonymous_3)","decl":{"start":{"line":26,"column":33},"end":{"line":26,"column":38}},"loc":{"start":{"line":26,"column":44},"end":{"line":32,"column":1}}}},"branchMap":{"0":{"loc":{"start":{"line":7,"column":4},"end":{"line":9,"column":5}},"type":"if","locations":[{"start":{"line":7,"column":4},"end":{"line":9,"column":5}},{"start":{},"end":{}}]},"1":{"loc":{"start":{"line":17,"column":4},"end":{"line":20,"column":5}},"type":"if","locations":[{"start":{"line":17,"column":4},"end":{"line":20,"column":5}},{"start":{},"end":{}}]},"2":{"loc":{"start":{"line":21,"column":4},"end":{"line":23,"column":5}},"type":"if","locations":[{"start":{"line":21,"column":4},"end":{"line":23,"column":5}},{"start":{},"end":{}}]}},"s":{"0":2,"1":2,"2":2,"3":2,"4":0,"5":2,"6":2,"7":2,"8":2,"9":2,"10":2,"11":2,"12":2,"13":2,"14":2,"15":2,"16":2,"17":42,"18":42,"19":84,"20":84,"21":2},"f":{"0":2,"1":2,"2":42},"b":{"0":[0,2],"1":[2,0],"2":[2,0]}}
}
