{"D:\\HomeWork\\3 курс\\node\\lab4\\src\\app.ts": {"path":"D:\\HomeWork\\3 курс\\node\\lab4\\src\\app.ts","statementMap":{"0":{"start":{"line":1,"column":0},"end":{"line":1,"column":30}},"1":{"start":{"line":2,"column":0},"end":{"line":2,"column":24}},"2":{"start":{"line":3,"column":0},"end":{"line":3,"column":43}},"3":{"start":{"line":4,"column":0},"end":{"line":4,"column":57}},"4":{"start":{"line":6,"column":12},"end":{"line":6,"column":21}},"5":{"start":{"line":8,"column":0},"end":{"line":8,"column":16}},"6":{"start":{"line":9,"column":0},"end":{"line":9,"column":24}},"7":{"start":{"line":11,"column":0},"end":{"line":11,"column":38}},"8":{"start":{"line":13,"column":0},"end":{"line":13,"column":22}},"9":{"start":{"line":15,"column":0},"end":{"line":15,"column":19}}},"fnMap":{},"branchMap":{},"s":{"0":1,"1":1,"2":1,"3":1,"4":1,"5":1,"6":1,"7":1,"8":1,"9":1},"f":{},"b":{}}
,"D:\\HomeWork\\3 курс\\node\\lab4\\src\\middleware\\errorHandler.ts": {"path":"D:\\HomeWork\\3 курс\\node\\lab4\\src\\middleware\\errorHandler.ts","statementMap":{"0":{"start":{"line":3,"column":0},"end":{"line":3,"column":32}},"1":{"start":{"line":5,"column":28},"end":{"line":45,"column":1}},"2":{"start":{"line":11,"column":4},"end":{"line":11,"column":43}},"3":{"start":{"line":13,"column":4},"end":{"line":18,"column":5}},"4":{"start":{"line":14,"column":8},"end":{"line":17,"column":11}},"5":{"start":{"line":20,"column":4},"end":{"line":26,"column":5}},"6":{"start":{"line":21,"column":23},"end":{"line":21,"column":68}},"7":{"start":{"line":21,"column":58},"end":{"line":21,"column":67}},"8":{"start":{"line":22,"column":8},"end":{"line":25,"column":11}},"9":{"start":{"line":28,"column":4},"end":{"line":33,"column":5}},"10":{"start":{"line":29,"column":8},"end":{"line":32,"column":11}},"11":{"start":{"line":35,"column":4},"end":{"line":39,"column":5}},"12":{"start":{"line":36,"column":8},"end":{"line":38,"column":11}},"13":{"start":{"line":41,"column":4},"end":{"line":44,"column":7}},"14":{"start":{"line":5,"column":13},"end":{"line":5,"column":28}}},"fnMap":{"0":{"name":"(anonymous_1)","decl":{"start":{"line":5,"column":28},"end":{"line":5,"column":null}},"loc":{"start":{"line":10,"column":4},"end":{"line":45,"column":1}}},"1":{"name":"(anonymous_2)","decl":{"start":{"line":21,"column":53},"end":{"line":21,"column":54}},"loc":{"start":{"line":21,"column":58},"end":{"line":21,"column":67}}}},"branchMap":{"0":{"loc":{"start":{"line":13,"column":4},"end":{"line":18,"column":5}},"type":"if","locations":[{"start":{"line":13,"column":4},"end":{"line":18,"column":5}},{"start":{},"end":{}}]},"1":{"loc":{"start":{"line":20,"column":4},"end":{"line":26,"column":5}},"type":"if","locations":[{"start":{"line":20,"column":4},"end":{"line":26,"column":5}},{"start":{},"end":{}}]},"2":{"loc":{"start":{"line":28,"column":4},"end":{"line":33,"column":5}},"type":"if","locations":[{"start":{"line":28,"column":4},"end":{"line":33,"column":5}},{"start":{},"end":{}}]},"3":{"loc":{"start":{"line":35,"column":4},"end":{"line":39,"column":5}},"type":"if","locations":[{"start":{"line":35,"column":4},"end":{"line":39,"column":5}},{"start":{},"end":{}}]},"4":{"loc":{"start":{"line":35,"column":8},"end":{"line":35,"column":61}},"type":"binary-expr","locations":[{"start":{"line":35,"column":8},"end":{"line":35,"column":39}},{"start":{"line":35,"column":43},"end":{"line":35,"column":61}}]},"5":{"loc":{"start":{"line":43,"column":15},"end":{"line":43,"column":79}},"type":"cond-expr","locations":[{"start":{"line":43,"column":56},"end":{"line":43,"column":67}},{"start":{"line":43,"column":70},"end":{"line":43,"column":79}}]}},"s":{"0":1,"1":1,"2":12,"3":12,"4":1,"5":11,"6":1,"7":1,"8":1,"9":10,"10":1,"11":9,"12":1,"13":8,"14":1},"f":{"0":12,"1":1},"b":{"0":[1,11],"1":[1,10],"2":[1,9],"3":[1,8],"4":[9,1],"5":[0,8]}}
,"D:\\HomeWork\\3 курс\\node\\lab4\\src\\middleware\\validate.ts": {"path":"D:\\HomeWork\\3 курс\\node\\lab4\\src\\middleware\\validate.ts","statementMap":{"0":{"start":{"line":5,"column":4},"end":{"line":13,"column":9}},"1":{"start":{"line":6,"column":8},"end":{"line":13,"column":9}},"2":{"start":{"line":7,"column":12},"end":{"line":12,"column":13}},"3":{"start":{"line":8,"column":16},"end":{"line":8,"column":61}},"4":{"start":{"line":9,"column":16},"end":{"line":9,"column":23}},"5":{"start":{"line":11,"column":16},"end":{"line":11,"column":28}},"6":{"start":{"line":4,"column":13},"end":{"line":4,"column":null}}},"fnMap":{"0":{"name":"(anonymous_0)","decl":{"start":{"line":5,"column":4},"end":{"line":5,"column":5}},"loc":{"start":{"line":6,"column":8},"end":{"line":13,"column":9}}},"1":{"name":"(anonymous_1)","decl":{"start":{"line":6,"column":8},"end":{"line":6,"column":13}},"loc":{"start":{"line":6,"column":66},"end":{"line":13,"column":9}}}},"branchMap":{},"s":{"0":1,"1":2,"2":6,"3":6,"4":5,"5":1,"6":1},"f":{"0":2,"1":6},"b":{}}
,"D:\\HomeWork\\3 курс\\node\\lab4\\src\\models\\recipe.model.ts": {"path":"D:\\HomeWork\\3 курс\\node\\lab4\\src\\models\\recipe.model.ts","statementMap":{"0":{"start":{"line":1,"column":0},"end":{"line":1,"column":54}},"1":{"start":{"line":2,"column":0},"end":{"line":2,"column":36}},"2":{"start":{"line":22,"column":21},"end":{"line":92,"column":null}},"3":{"start":{"line":26,"column":27},"end":{"line":26,"column":35}},"4":{"start":{"line":67,"column":24},"end":{"line":67,"column":46}},"5":{"start":{"line":74,"column":24},"end":{"line":74,"column":89}},"6":{"start":{"line":74,"column":49},"end":{"line":74,"column":87}},"7":{"start":{"line":86,"column":16},"end":{"line":86,"column":31}},"8":{"start":{"line":87,"column":16},"end":{"line":87,"column":31}},"9":{"start":{"line":88,"column":16},"end":{"line":88,"column":27}},"10":{"start":{"line":97,"column":0},"end":{"line":99,"column":3}},"11":{"start":{"line":98,"column":4},"end":{"line":98,"column":41}},"12":{"start":{"line":102,"column":0},"end":{"line":110,"column":3}},"13":{"start":{"line":103,"column":18},"end":{"line":103,"column":58}},"14":{"start":{"line":104,"column":20},"end":{"line":104,"column":48}},"15":{"start":{"line":106,"column":4},"end":{"line":108,"column":5}},"16":{"start":{"line":107,"column":8},"end":{"line":107,"column":75}},"17":{"start":{"line":109,"column":4},"end":{"line":109,"column":27}},"18":{"start":{"line":112,"column":13},"end":{"line":112,"column":78}}},"fnMap":{"0":{"name":"(anonymous_9)","decl":{"start":{"line":26,"column":21},"end":{"line":26,"column":24}},"loc":{"start":{"line":26,"column":27},"end":{"line":26,"column":35}}},"1":{"name":"(anonymous_10)","decl":{"start":{"line":66,"column":31},"end":{"line":66,"column":41}},"loc":{"start":{"line":66,"column":54},"end":{"line":68,"column":21}}},"2":{"name":"(anonymous_11)","decl":{"start":{"line":73,"column":31},"end":{"line":73,"column":41}},"loc":{"start":{"line":73,"column":54},"end":{"line":75,"column":21}}},"3":{"name":"(anonymous_12)","decl":{"start":{"line":74,"column":41},"end":{"line":74,"column":45}},"loc":{"start":{"line":74,"column":49},"end":{"line":74,"column":87}}},"4":{"name":"(anonymous_13)","decl":{"start":{"line":85,"column":23},"end":{"line":85,"column":33}},"loc":{"start":{"line":85,"column":44},"end":{"line":89,"column":13}}},"5":{"name":"(anonymous_14)","decl":{"start":{"line":97,"column":42},"end":{"line":97,"column":null}},"loc":{"start":{"line":97,"column":42},"end":{"line":99,"column":1}}},"6":{"name":"(anonymous_15)","decl":{"start":{"line":102,"column":49},"end":{"line":102,"column":null}},"loc":{"start":{"line":102,"column":49},"end":{"line":110,"column":1}}}},"branchMap":{"0":{"loc":{"start":{"line":74,"column":49},"end":{"line":74,"column":87}},"type":"binary-expr","locations":[{"start":{"line":74,"column":49},"end":{"line":74,"column":65}},{"start":{"line":74,"column":69},"end":{"line":74,"column":87}}]},"1":{"loc":{"start":{"line":106,"column":4},"end":{"line":108,"column":5}},"type":"if","locations":[{"start":{"line":106,"column":4},"end":{"line":108,"column":5}},{"start":{},"end":{}}]},"2":{"loc":{"start":{"line":107,"column":31},"end":{"line":107,"column":65}},"type":"cond-expr","locations":[{"start":{"line":107,"column":45},"end":{"line":107,"column":60}},{"start":{"line":107,"column":63},"end":{"line":107,"column":65}}]}},"s":{"0":1,"1":1,"2":1,"3":19,"4":16,"5":15,"6":17,"7":8,"8":8,"9":8,"10":1,"11":9,"12":1,"13":11,"14":11,"15":11,"16":4,"17":7,"18":1},"f":{"0":19,"1":16,"2":15,"3":17,"4":8,"5":9,"6":11},"b":{"0":[17,17],"1":[4,7],"2":[1,3]}}
,"D:\\HomeWork\\3 курс\\node\\lab4\\src\\routes\\recipe.ts": {"path":"D:\\HomeWork\\3 курс\\node\\lab4\\src\\routes\\recipe.ts","statementMap":{"0":{"start":{"line":1,"column":0},"end":{"line":1,"column":66}},"1":{"start":{"line":2,"column":0},"end":{"line":2,"column":50}},"2":{"start":{"line":3,"column":0},"end":{"line":3,"column":82}},"3":{"start":{"line":4,"column":0},"end":{"line":4,"column":null}},"4":{"start":{"line":15,"column":15},"end":{"line":15,"column":23}},"5":{"start":{"line":18,"column":0},"end":{"line":28,"column":3}},"6":{"start":{"line":19,"column":4},"end":{"line":27,"column":5}},"7":{"start":{"line":20,"column":23},"end":{"line":20,"column":46}},"8":{"start":{"line":21,"column":8},"end":{"line":23,"column":9}},"9":{"start":{"line":22,"column":12},"end":{"line":22,"column":76}},"10":{"start":{"line":24,"column":8},"end":{"line":24,"column":37}},"11":{"start":{"line":26,"column":8},"end":{"line":26,"column":20}},"12":{"start":{"line":30,"column":0},"end":{"line":47,"column":3}},"13":{"start":{"line":31,"column":4},"end":{"line":46,"column":5}},"14":{"start":{"line":32,"column":39},"end":{"line":32,"column":41}},"15":{"start":{"line":34,"column":8},"end":{"line":34,"column":71}},"16":{"start":{"line":34,"column":29},"end":{"line":34,"column":71}},"17":{"start":{"line":35,"column":8},"end":{"line":35,"column":86}},"18":{"start":{"line":35,"column":34},"end":{"line":35,"column":86}},"19":{"start":{"line":36,"column":8},"end":{"line":36,"column":91}},"20":{"start":{"line":36,"column":31},"end":{"line":36,"column":91}},"21":{"start":{"line":38,"column":22},"end":{"line":38,"column":63}},"22":{"start":{"line":39,"column":21},"end":{"line":39,"column":64}},"23":{"start":{"line":40,"column":22},"end":{"line":40,"column":67}},"24":{"start":{"line":42,"column":23},"end":{"line":42,"column":70}},"25":{"start":{"line":43,"column":8},"end":{"line":43,"column":37}},"26":{"start":{"line":45,"column":8},"end":{"line":45,"column":20}},"27":{"start":{"line":49,"column":0},"end":{"line":59,"column":3}},"28":{"start":{"line":50,"column":4},"end":{"line":58,"column":5}},"29":{"start":{"line":51,"column":23},"end":{"line":51,"column":67}},"30":{"start":{"line":52,"column":8},"end":{"line":54,"column":9}},"31":{"start":{"line":53,"column":12},"end":{"line":53,"column":75}},"32":{"start":{"line":55,"column":8},"end":{"line":55,"column":37}},"33":{"start":{"line":57,"column":8},"end":{"line":57,"column":20}},"34":{"start":{"line":61,"column":0},"end":{"line":68,"column":3}},"35":{"start":{"line":62,"column":4},"end":{"line":67,"column":5}},"36":{"start":{"line":63,"column":26},"end":{"line":63,"column":54}},"37":{"start":{"line":64,"column":8},"end":{"line":64,"column":40}},"38":{"start":{"line":66,"column":8},"end":{"line":66,"column":20}},"39":{"start":{"line":70,"column":0},"end":{"line":80,"column":3}},"40":{"start":{"line":71,"column":4},"end":{"line":79,"column":5}},"41":{"start":{"line":72,"column":30},"end":{"line":72,"column":83}},"42":{"start":{"line":73,"column":8},"end":{"line":75,"column":9}},"43":{"start":{"line":74,"column":12},"end":{"line":74,"column":75}},"44":{"start":{"line":76,"column":8},"end":{"line":76,"column":44}},"45":{"start":{"line":78,"column":8},"end":{"line":78,"column":20}},"46":{"start":{"line":82,"column":0},"end":{"line":92,"column":3}},"47":{"start":{"line":83,"column":4},"end":{"line":91,"column":5}},"48":{"start":{"line":84,"column":26},"end":{"line":84,"column":69}},"49":{"start":{"line":85,"column":8},"end":{"line":87,"column":9}},"50":{"start":{"line":86,"column":12},"end":{"line":86,"column":75}},"51":{"start":{"line":88,"column":8},"end":{"line":88,"column":31}},"52":{"start":{"line":90,"column":8},"end":{"line":90,"column":20}},"53":{"start":{"line":94,"column":0},"end":{"line":101,"column":3}},"54":{"start":{"line":95,"column":4},"end":{"line":100,"column":5}},"55":{"start":{"line":96,"column":24},"end":{"line":96,"column":85}},"56":{"start":{"line":97,"column":8},"end":{"line":97,"column":38}},"57":{"start":{"line":99,"column":8},"end":{"line":99,"column":20}},"58":{"start":{"line":103,"column":0},"end":{"line":103,"column":22}}},"fnMap":{"0":{"name":"(anonymous_0)","decl":{"start":{"line":18,"column":22},"end":{"line":18,"column":27}},"loc":{"start":{"line":18,"column":80},"end":{"line":28,"column":1}}},"1":{"name":"(anonymous_1)","decl":{"start":{"line":30,"column":16},"end":{"line":30,"column":21}},"loc":{"start":{"line":30,"column":74},"end":{"line":47,"column":1}}},"2":{"name":"(anonymous_2)","decl":{"start":{"line":49,"column":19},"end":{"line":49,"column":24}},"loc":{"start":{"line":49,"column":77},"end":{"line":59,"column":1}}},"3":{"name":"(anonymous_3)","decl":{"start":{"line":61,"column":47},"end":{"line":61,"column":52}},"loc":{"start":{"line":61,"column":105},"end":{"line":68,"column":1}}},"4":{"name":"(anonymous_4)","decl":{"start":{"line":70,"column":49},"end":{"line":70,"column":54}},"loc":{"start":{"line":70,"column":107},"end":{"line":80,"column":1}}},"5":{"name":"(anonymous_5)","decl":{"start":{"line":82,"column":22},"end":{"line":82,"column":27}},"loc":{"start":{"line":82,"column":80},"end":{"line":92,"column":1}}},"6":{"name":"(anonymous_6)","decl":{"start":{"line":94,"column":38},"end":{"line":94,"column":43}},"loc":{"start":{"line":94,"column":96},"end":{"line":101,"column":1}}}},"branchMap":{"0":{"loc":{"start":{"line":21,"column":8},"end":{"line":23,"column":9}},"type":"if","locations":[{"start":{"line":21,"column":8},"end":{"line":23,"column":9}},{"start":{},"end":{}}]},"1":{"loc":{"start":{"line":34,"column":8},"end":{"line":34,"column":71}},"type":"if","locations":[{"start":{"line":34,"column":8},"end":{"line":34,"column":71}},{"start":{},"end":{}}]},"2":{"loc":{"start":{"line":35,"column":8},"end":{"line":35,"column":86}},"type":"if","locations":[{"start":{"line":35,"column":8},"end":{"line":35,"column":86}},{"start":{},"end":{}}]},"3":{"loc":{"start":{"line":36,"column":8},"end":{"line":36,"column":91}},"type":"if","locations":[{"start":{"line":36,"column":8},"end":{"line":36,"column":91}},{"start":{},"end":{}}]},"4":{"loc":{"start":{"line":38,"column":22},"end":{"line":38,"column":63}},"type":"binary-expr","locations":[{"start":{"line":38,"column":22},"end":{"line":38,"column":47}},{"start":{"line":38,"column":51},"end":{"line":38,"column":63}}]},"5":{"loc":{"start":{"line":39,"column":21},"end":{"line":39,"column":64}},"type":"binary-expr","locations":[{"start":{"line":39,"column":21},"end":{"line":39,"column":59}},{"start":{"line":39,"column":63},"end":{"line":39,"column":64}}]},"6":{"loc":{"start":{"line":40,"column":22},"end":{"line":40,"column":67}},"type":"binary-expr","locations":[{"start":{"line":40,"column":22},"end":{"line":40,"column":61}},{"start":{"line":40,"column":65},"end":{"line":40,"column":67}}]},"7":{"loc":{"start":{"line":52,"column":8},"end":{"line":54,"column":9}},"type":"if","locations":[{"start":{"line":52,"column":8},"end":{"line":54,"column":9}},{"start":{},"end":{}}]},"8":{"loc":{"start":{"line":73,"column":8},"end":{"line":75,"column":9}},"type":"if","locations":[{"start":{"line":73,"column":8},"end":{"line":75,"column":9}},{"start":{},"end":{}}]},"9":{"loc":{"start":{"line":85,"column":8},"end":{"line":87,"column":9}},"type":"if","locations":[{"start":{"line":85,"column":8},"end":{"line":87,"column":9}},{"start":{},"end":{}}]}},"s":{"0":1,"1":1,"2":1,"3":1,"4":1,"5":1,"6":3,"7":3,"8":2,"9":1,"10":1,"11":1,"12":1,"13":4,"14":4,"15":4,"16":1,"17":4,"18":1,"19":4,"20":1,"21":4,"22":4,"23":4,"24":4,"25":3,"26":1,"27":1,"28":3,"29":3,"30":2,"31":1,"32":1,"33":1,"34":1,"35":2,"36":2,"37":1,"38":1,"39":1,"40":3,"41":3,"42":2,"43":1,"44":1,"45":1,"46":1,"47":3,"48":3,"49":2,"50":1,"51":1,"52":1,"53":1,"54":2,"55":2,"56":1,"57":1,"58":1},"f":{"0":3,"1":4,"2":3,"3":2,"4":3,"5":3,"6":2},"b":{"0":[1,1],"1":[1,3],"2":[1,3],"3":[1,3],"4":[4,4],"5":[4,4],"6":[4,4],"7":[1,1],"8":[1,1],"9":[1,1]}}
,"D:\\HomeWork\\3 курс\\node\\lab4\\src\\schemas\\recipe.schema.ts": {"path":"D:\\HomeWork\\3 курс\\node\\lab4\\src\\schemas\\recipe.schema.ts","statementMap":{"0":{"start":{"line":1,"column":0},"end":{"line":1,"column":24}},"1":{"start":{"line":3,"column":13},"end":{"line":34,"column":3}},"2":{"start":{"line":36,"column":13},"end":{"line":36,"column":63}}},"fnMap":{},"branchMap":{},"s":{"0":1,"1":1,"2":1},"f":{},"b":{}}
,"D:\\HomeWork\\3 курс\\node\\lab4\\src\\storage\\recipe.ts": {"path":"D:\\HomeWork\\3 курс\\node\\lab4\\src\\storage\\recipe.ts","statementMap":{"0":{"start":{"line":1,"column":0},"end":{"line":1,"column":65}},"1":{"start":{"line":14,"column":29},"end":{"line":57,"column":1}},"2":{"start":{"line":20,"column":23},"end":{"line":20,"column":25}},"3":{"start":{"line":22,"column":4},"end":{"line":24,"column":5}},"4":{"start":{"line":23,"column":8},"end":{"line":23,"column":63}},"5":{"start":{"line":26,"column":4},"end":{"line":28,"column":5}},"6":{"start":{"line":27,"column":8},"end":{"line":27,"column":46}},"7":{"start":{"line":30,"column":4},"end":{"line":32,"column":5}},"8":{"start":{"line":31,"column":8},"end":{"line":31,"column":61}},"9":{"start":{"line":34,"column":22},"end":{"line":34,"column":52}},"10":{"start":{"line":36,"column":17},"end":{"line":36,"column":35}},"11":{"start":{"line":38,"column":26},"end":{"line":44,"column":6}},"12":{"start":{"line":46,"column":23},"end":{"line":46,"column":47}},"13":{"start":{"line":48,"column":4},"end":{"line":56,"column":6}},"14":{"start":{"line":14,"column":13},"end":{"line":14,"column":29}},"15":{"start":{"line":59,"column":29},"end":{"line":61,"column":1}},"16":{"start":{"line":60,"column":4},"end":{"line":60,"column":40}},"17":{"start":{"line":59,"column":13},"end":{"line":59,"column":29}},"18":{"start":{"line":63,"column":28},"end":{"line":66,"column":1}},"19":{"start":{"line":64,"column":22},"end":{"line":64,"column":38}},"20":{"start":{"line":65,"column":4},"end":{"line":65,"column":34}},"21":{"start":{"line":63,"column":13},"end":{"line":63,"column":28}},"22":{"start":{"line":68,"column":28},"end":{"line":70,"column":1}},"23":{"start":{"line":69,"column":4},"end":{"line":69,"column":91}},"24":{"start":{"line":68,"column":13},"end":{"line":68,"column":28}},"25":{"start":{"line":72,"column":28},"end":{"line":75,"column":1}},"26":{"start":{"line":73,"column":26},"end":{"line":73,"column":63}},"27":{"start":{"line":74,"column":4},"end":{"line":74,"column":34}},"28":{"start":{"line":72,"column":13},"end":{"line":72,"column":28}},"29":{"start":{"line":77,"column":38},"end":{"line":81,"column":1}},"30":{"start":{"line":78,"column":4},"end":{"line":80,"column":7}},"31":{"start":{"line":77,"column":13},"end":{"line":77,"column":38}},"32":{"start":{"line":83,"column":31},"end":{"line":86,"column":1}},"33":{"start":{"line":84,"column":26},"end":{"line":84,"column":76}},"34":{"start":{"line":85,"column":4},"end":{"line":85,"column":62}},"35":{"start":{"line":83,"column":13},"end":{"line":83,"column":31}}},"fnMap":{"0":{"name":"(anonymous_0)","decl":{"start":{"line":14,"column":29},"end":{"line":14,"column":34}},"loc":{"start":{"line":19,"column":4},"end":{"line":57,"column":1}}},"1":{"name":"(anonymous_1)","decl":{"start":{"line":59,"column":29},"end":{"line":59,"column":34}},"loc":{"start":{"line":59,"column":83},"end":{"line":61,"column":1}}},"2":{"name":"(anonymous_2)","decl":{"start":{"line":63,"column":28},"end":{"line":63,"column":33}},"loc":{"start":{"line":63,"column":86},"end":{"line":66,"column":1}}},"3":{"name":"(anonymous_3)","decl":{"start":{"line":68,"column":28},"end":{"line":68,"column":33}},"loc":{"start":{"line":68,"column":105},"end":{"line":70,"column":1}}},"4":{"name":"(anonymous_4)","decl":{"start":{"line":72,"column":28},"end":{"line":72,"column":33}},"loc":{"start":{"line":72,"column":67},"end":{"line":75,"column":1}}},"5":{"name":"(anonymous_5)","decl":{"start":{"line":77,"column":38},"end":{"line":77,"column":43}},"loc":{"start":{"line":77,"column":95},"end":{"line":81,"column":1}}},"6":{"name":"(anonymous_6)","decl":{"start":{"line":83,"column":31},"end":{"line":83,"column":36}},"loc":{"start":{"line":83,"column":75},"end":{"line":86,"column":1}}}},"branchMap":{"0":{"loc":{"start":{"line":16,"column":4},"end":{"line":16,"column":36}},"type":"default-arg","locations":[{"start":{"line":16,"column":24},"end":{"line":16,"column":36}}]},"1":{"loc":{"start":{"line":17,"column":4},"end":{"line":17,"column":20}},"type":"default-arg","locations":[{"start":{"line":17,"column":19},"end":{"line":17,"column":20}}]},"2":{"loc":{"start":{"line":18,"column":4},"end":{"line":18,"column":22}},"type":"default-arg","locations":[{"start":{"line":18,"column":20},"end":{"line":18,"column":22}}]},"3":{"loc":{"start":{"line":22,"column":4},"end":{"line":24,"column":5}},"type":"if","locations":[{"start":{"line":22,"column":4},"end":{"line":24,"column":5}},{"start":{},"end":{}}]},"4":{"loc":{"start":{"line":26,"column":4},"end":{"line":28,"column":5}},"type":"if","locations":[{"start":{"line":26,"column":4},"end":{"line":28,"column":5}},{"start":{},"end":{}}]},"5":{"loc":{"start":{"line":30,"column":4},"end":{"line":32,"column":5}},"type":"if","locations":[{"start":{"line":30,"column":4},"end":{"line":32,"column":5}},{"start":{},"end":{}}]},"6":{"loc":{"start":{"line":85,"column":11},"end":{"line":85,"column":61}},"type":"cond-expr","locations":[{"start":{"line":85,"column":38},"end":{"line":85,"column":54}},{"start":{"line":85,"column":57},"end":{"line":85,"column":61}}]}},"s":{"0":1,"1":1,"2":4,"3":4,"4":1,"5":4,"6":1,"7":4,"8":1,"9":4,"10":4,"11":4,"12":3,"13":3,"14":1,"15":1,"16":3,"17":1,"18":1,"19":2,"20":2,"21":1,"22":1,"23":3,"24":1,"25":1,"26":3,"27":2,"28":1,"29":1,"30":2,"31":1,"32":1,"33":3,"34":2,"35":1},"f":{"0":4,"1":3,"2":2,"3":3,"4":3,"5":2,"6":3},"b":{"0":[0],"1":[0],"2":[0],"3":[1,3],"4":[1,3],"5":[1,3],"6":[1,1]}}
,"D:\\HomeWork\\3 курс\\node\\lab4\\tests\\setup.ts": {"path":"D:\\HomeWork\\3 курс\\node\\lab4\\tests\\setup.ts","statementMap":{"0":{"start":{"line":1,"column":0},"end":{"line":1,"column":32}},"1":{"start":{"line":2,"column":0},"end":{"line":2,"column":58}},"2":{"start":{"line":6,"column":35},"end":{"line":14,"column":1}},"3":{"start":{"line":7,"column":4},"end":{"line":9,"column":5}},"4":{"start":{"line":8,"column":8},"end":{"line":8,"column":36}},"5":{"start":{"line":11,"column":4},"end":{"line":11,"column":51}},"6":{"start":{"line":12,"column":16},"end":{"line":12,"column":36}},"7":{"start":{"line":13,"column":4},"end":{"line":13,"column":32}},"8":{"start":{"line":6,"column":13},"end":{"line":6,"column":35}},"9":{"start":{"line":16,"column":38},"end":{"line":24,"column":1}},"10":{"start":{"line":17,"column":4},"end":{"line":20,"column":5}},"11":{"start":{"line":18,"column":8},"end":{"line":18,"column":49}},"12":{"start":{"line":19,"column":8},"end":{"line":19,"column":42}},"13":{"start":{"line":21,"column":4},"end":{"line":23,"column":5}},"14":{"start":{"line":22,"column":8},"end":{"line":22,"column":33}},"15":{"start":{"line":16,"column":13},"end":{"line":16,"column":38}},"16":{"start":{"line":26,"column":33},"end":{"line":32,"column":1}},"17":{"start":{"line":27,"column":24},"end":{"line":27,"column":55}},"18":{"start":{"line":28,"column":4},"end":{"line":31,"column":5}},"19":{"start":{"line":29,"column":27},"end":{"line":29,"column":43}},"20":{"start":{"line":30,"column":8},"end":{"line":30,"column":40}},"21":{"start":{"line":26,"column":13},"end":{"line":26,"column":33}}},"fnMap":{"0":{"name":"(anonymous_1)","decl":{"start":{"line":6,"column":35},"end":{"line":6,"column":40}},"loc":{"start":{"line":6,"column":46},"end":{"line":14,"column":1}}},"1":{"name":"(anonymous_2)","decl":{"start":{"line":16,"column":38},"end":{"line":16,"column":43}},"loc":{"start":{"line":16,"column":49},"end":{"line":24,"column":1}}},"2":{"name":"(anonymous_3)","decl":{"start":{"line":26,"column":33},"end":{"line":26,"column":38}},"loc":{"start":{"line":26,"column":44},"end":{"line":32,"column":1}}}},"branchMap":{"0":{"loc":{"start":{"line":7,"column":4},"end":{"line":9,"column":5}},"type":"if","locations":[{"start":{"line":7,"column":4},"end":{"line":9,"column":5}},{"start":{},"end":{}}]},"1":{"loc":{"start":{"line":17,"column":4},"end":{"line":20,"column":5}},"type":"if","locations":[{"start":{"line":17,"column":4},"end":{"line":20,"column":5}},{"start":{},"end":{}}]},"2":{"loc":{"start":{"line":21,"column":4},"end":{"line":23,"column":5}},"type":"if","locations":[{"start":{"line":21,"column":4},"end":{"line":23,"column":5}},{"start":{},"end":{}}]}},"s":{"0":1,"1":1,"2":1,"3":1,"4":0,"5":1,"6":1,"7":1,"8":1,"9":1,"10":1,"11":1,"12":1,"13":1,"14":1,"15":1,"16":1,"17":28,"18":28,"19":28,"20":28,"21":1},"f":{"0":1,"1":1,"2":28},"b":{"0":[0,1],"1":[1,0],"2":[1,0]}}
}
