TN:
SF:src\app.ts
FNF:0
FNH:0
DA:1,2
DA:2,2
DA:3,2
DA:4,2
DA:5,2
DA:6,2
DA:8,2
DA:10,2
DA:17,2
DA:18,2
DA:20,2
DA:21,2
DA:23,2
DA:25,2
LF:14
LH:14
BRF:0
BRH:0
end_of_record
TN:
SF:src\middleware\errorHandler.ts
FN:5,(anonymous_1)
FN:21,(anonymous_2)
FNF:2
FNH:2
FNDA:14,(anonymous_1)
FNDA:1,(anonymous_2)
DA:3,2
DA:5,2
DA:11,14
DA:13,14
DA:14,1
DA:20,13
DA:21,1
DA:22,1
DA:28,12
DA:29,1
DA:35,11
DA:36,1
DA:41,10
LF:13
LH:13
BRDA:13,0,0,1
BRDA:13,0,1,13
BRDA:20,1,0,1
BRDA:20,1,1,12
BRDA:28,2,0,1
BRDA:28,2,1,11
BRDA:35,3,0,1
BRDA:35,3,1,10
BRDA:35,4,0,11
BRDA:35,4,1,1
BRDA:43,5,0,0
BRDA:43,5,1,10
BRF:12
BRH:11
end_of_record
TN:
SF:src\middleware\requireAuth.ts
FN:12,(anonymous_1)
FNF:1
FNH:1
FNDA:12,(anonymous_1)
DA:2,2
DA:12,2
DA:13,12
DA:15,12
DA:16,1
DA:17,1
DA:20,11
DA:21,11
DA:22,11
DA:23,11
DA:25,0
LF:11
LH:10
BRDA:15,0,0,1
BRDA:15,0,1,11
BRF:2
BRH:2
end_of_record
TN:
SF:src\middleware\validate.ts
FN:5,(anonymous_0)
FN:6,(anonymous_1)
FNF:2
FNH:2
FNDA:4,(anonymous_0)
FNDA:7,(anonymous_1)
DA:4,2
DA:5,2
DA:6,4
DA:7,7
DA:8,7
DA:9,6
DA:11,1
LF:7
LH:7
BRF:0
BRH:0
end_of_record
TN:
SF:src\models\recipe.model.ts
FN:25,(anonymous_9)
FN:65,(anonymous_10)
FN:72,(anonymous_11)
FN:73,(anonymous_12)
FN:89,(anonymous_13)
FN:100,(anonymous_14)
FN:105,(anonymous_15)
FNF:7
FNH:7
FNDA:23,(anonymous_9)
FNDA:20,(anonymous_10)
FNDA:19,(anonymous_11)
FNDA:21,(anonymous_12)
FNDA:8,(anonymous_13)
FNDA:9,(anonymous_14)
FNDA:11,(anonymous_15)
DA:1,2
DA:2,2
DA:21,2
DA:25,23
DA:66,20
DA:73,21
DA:90,8
DA:91,8
DA:92,8
DA:100,2
DA:101,9
DA:105,2
DA:106,11
DA:107,11
DA:109,11
DA:110,4
DA:112,7
DA:115,2
LF:18
LH:18
BRDA:73,0,0,21
BRDA:73,0,1,21
BRDA:109,1,0,4
BRDA:109,1,1,7
BRDA:110,2,0,1
BRDA:110,2,1,3
BRF:6
BRH:6
end_of_record
TN:
SF:src\models\user.model.ts
FN:28,(anonymous_10)
FNF:1
FNH:1
FNDA:73,(anonymous_10)
DA:1,2
DA:2,2
DA:11,2
DA:28,2
DA:29,73
DA:30,0
DA:33,73
DA:34,73
DA:37,2
LF:9
LH:8
BRDA:29,0,0,0
BRDA:29,0,1,73
BRF:2
BRH:1
end_of_record
TN:
SF:src\routes\auth.ts
FN:14,(anonymous_1)
FN:36,(anonymous_2)
FN:66,(anonymous_3)
FN:98,(anonymous_4)
FNF:4
FNH:4
FNDA:7,(anonymous_1)
FNDA:4,(anonymous_2)
FNDA:3,(anonymous_3)
FNDA:1,(anonymous_4)
DA:1,2
DA:2,2
DA:3,2
DA:4,2
DA:5,2
DA:7,2
DA:9,2
DA:14,2
DA:15,7
DA:16,7
DA:18,7
DA:19,6
DA:20,1
DA:21,1
DA:24,5
DA:26,5
DA:32,1
DA:36,2
DA:37,4
DA:38,4
DA:39,4
DA:41,3
DA:42,2
DA:43,2
DA:46,1
DA:47,1
DA:51,1
DA:57,1
DA:58,1
DA:60,1
DA:62,1
DA:66,2
DA:67,3
DA:68,3
DA:69,1
DA:70,1
DA:73,2
DA:74,2
DA:76,1
DA:79,1
DA:83,1
DA:89,1
DA:90,1
DA:92,1
DA:94,1
DA:98,2
DA:99,1
DA:100,1
DA:101,1
DA:104,2
LF:50
LH:50
BRDA:19,0,0,1
BRDA:19,0,1,5
BRDA:41,1,0,2
BRDA:41,1,1,1
BRDA:41,2,0,3
BRDA:41,2,1,2
BRDA:68,3,0,1
BRDA:68,3,1,2
BRF:8
BRH:8
end_of_record
TN:
SF:src\routes\recipe.ts
FN:19,(anonymous_0)
FN:31,(anonymous_1)
FN:50,(anonymous_2)
FN:62,(anonymous_3)
FN:76,(anonymous_4)
FN:97,(anonymous_5)
FN:117,(anonymous_6)
FNF:7
FNH:7
FNDA:3,(anonymous_0)
FNDA:4,(anonymous_1)
FNDA:3,(anonymous_2)
FNDA:2,(anonymous_3)
FNDA:4,(anonymous_4)
FNDA:4,(anonymous_5)
FNDA:2,(anonymous_6)
DA:1,2
DA:2,2
DA:3,2
DA:4,2
DA:14,2
DA:16,2
DA:19,2
DA:20,3
DA:21,3
DA:22,2
DA:23,1
DA:25,1
DA:27,1
DA:31,2
DA:32,4
DA:33,4
DA:35,4
DA:36,4
DA:37,4
DA:39,4
DA:40,4
DA:41,4
DA:43,4
DA:44,3
DA:46,1
DA:50,2
DA:51,3
DA:52,3
DA:53,2
DA:54,1
DA:56,1
DA:58,1
DA:62,2
DA:63,2
DA:64,2
DA:65,2
DA:66,1
DA:68,1
DA:72,2
DA:77,4
DA:78,4
DA:79,3
DA:80,1
DA:81,1
DA:84,2
DA:85,1
DA:86,1
DA:89,1
DA:90,1
DA:92,1
DA:97,2
DA:98,4
DA:99,4
DA:100,3
DA:101,1
DA:102,1
DA:105,2
DA:106,1
DA:107,1
DA:110,1
DA:111,1
DA:113,1
DA:117,2
DA:118,2
DA:119,2
DA:120,1
DA:122,1
DA:126,2
LF:68
LH:68
BRDA:22,0,0,1
BRDA:22,0,1,1
BRDA:35,1,0,1
BRDA:35,1,1,3
BRDA:36,2,0,1
BRDA:36,2,1,3
BRDA:37,3,0,1
BRDA:37,3,1,3
BRDA:39,4,0,4
BRDA:39,4,1,4
BRDA:40,5,0,4
BRDA:40,5,1,4
BRDA:41,6,0,4
BRDA:41,6,1,4
BRDA:53,7,0,1
BRDA:53,7,1,1
BRDA:79,8,0,1
BRDA:79,8,1,2
BRDA:84,9,0,1
BRDA:84,9,1,1
BRDA:100,10,0,1
BRDA:100,10,1,2
BRDA:105,11,0,1
BRDA:105,11,1,1
BRF:24
BRH:24
end_of_record
TN:
SF:src\schemas\recipe.schema.ts
FNF:0
FNH:0
DA:1,2
DA:3,2
DA:36,2
LF:3
LH:3
BRF:0
BRH:0
end_of_record
TN:
SF:src\storage\recipe.ts
FN:14,(anonymous_0)
FN:59,(anonymous_1)
FN:63,(anonymous_2)
FN:68,(anonymous_3)
FN:72,(anonymous_4)
FN:77,(anonymous_5)
FN:83,(anonymous_6)
FNF:7
FNH:7
FNDA:4,(anonymous_0)
FNDA:11,(anonymous_1)
FNDA:2,(anonymous_2)
FNDA:1,(anonymous_3)
FNDA:1,(anonymous_4)
FNDA:2,(anonymous_5)
FNDA:3,(anonymous_6)
DA:1,2
DA:14,2
DA:20,4
DA:22,4
DA:23,1
DA:26,4
DA:27,1
DA:30,4
DA:31,1
DA:34,4
DA:36,4
DA:38,4
DA:46,3
DA:48,3
DA:59,2
DA:60,11
DA:63,2
DA:64,2
DA:65,2
DA:68,2
DA:69,1
DA:72,2
DA:73,1
DA:74,1
DA:77,2
DA:78,2
DA:83,2
DA:84,3
DA:85,2
LF:29
LH:29
BRDA:16,0,0,0
BRDA:17,1,0,0
BRDA:18,2,0,0
BRDA:22,3,0,1
BRDA:22,3,1,3
BRDA:26,4,0,1
BRDA:26,4,1,3
BRDA:30,5,0,1
BRDA:30,5,1,3
BRDA:85,6,0,1
BRDA:85,6,1,1
BRF:11
BRH:8
end_of_record
TN:
SF:tests\setup.ts
FN:6,(anonymous_1)
FN:16,(anonymous_2)
FN:26,(anonymous_3)
FNF:3
FNH:3
FNDA:2,(anonymous_1)
FNDA:2,(anonymous_2)
FNDA:42,(anonymous_3)
DA:1,2
DA:2,2
DA:6,2
DA:7,2
DA:8,0
DA:11,2
DA:12,2
DA:13,2
DA:16,2
DA:17,2
DA:18,2
DA:19,2
DA:21,2
DA:22,2
DA:26,2
DA:27,42
DA:28,42
DA:29,84
DA:30,84
LF:19
LH:18
BRDA:7,0,0,0
BRDA:7,0,1,2
BRDA:17,1,0,2
BRDA:17,1,1,0
BRDA:21,2,0,2
BRDA:21,2,1,0
BRF:6
BRH:3
end_of_record
